Using pre-set license
Built from '2020.3/staging' branch; Version is '2020.3.4f1 (0abb6314276a) revision 703331'; Using compiler version '192528614'; Build Type 'Release'
OS: 'Windows 10 Pro; OS build 19042.1083; Version 2009; 64bit' Language: 'es' Physical Memory: 3558 MB
BatchMode: 1, IsHumanControllingUs: 0, StartBugReporterOnCrash: 0, Is64bit: 1, IsPro: 0

 COMMAND LINE ARGUMENTS:
C:\Program Files\Unity\Hub\Editor\2020.3.4f1\Editor\Unity.exe
-adb2
-batchMode
-noUpm
-name
AssetImportWorker58
-projectPath
E:/1. Quinto semestre universidad/1X5B Graficacion/Parcial 1/Fractal-Mandelbrot-main
-logFile
Logs/AssetImportWorker58.log
-srvPort
55165
Successfully changed project path to: E:/1. Quinto semestre universidad/1X5B Graficacion/Parcial 1/Fractal-Mandelbrot-main
E:/1. Quinto semestre universidad/1X5B Graficacion/Parcial 1/Fractal-Mandelbrot-main
Using Asset Import Pipeline V2.
Refreshing native plugins compatible for Editor in 95.77 ms, found 0 plugins.
Preloading 0 native plugins for Editor in 0.00 ms.
Initialize engine version: 2020.3.4f1 (0abb6314276a)
[Subsystems] Discovering subsystems at path C:/Program Files/Unity/Hub/Editor/2020.3.4f1/Editor/Data/Resources/UnitySubsystems
[Subsystems] Discovering subsystems at path E:/1. Quinto semestre universidad/1X5B Graficacion/Parcial 1/Fractal-Mandelbrot-main/Assets
GfxDevice: creating device client; threaded=0
Direct3D:
    Version:  Direct3D 11.0 [level 11.0]
    Renderer: AMD Radeon HD 6620G (ID=0x9641)
    Vendor:   
    VRAM:     499 MB
    Driver:   15.201.1151.0
Initialize mono
Mono path[0] = 'C:/Program Files/Unity/Hub/Editor/2020.3.4f1/Editor/Data/Managed'
Mono path[1] = 'C:/Program Files/Unity/Hub/Editor/2020.3.4f1/Editor/Data/MonoBleedingEdge/lib/mono/unityjit'
Mono config path = 'C:/Program Files/Unity/Hub/Editor/2020.3.4f1/Editor/Data/MonoBleedingEdge/etc'
Using monoOptions --debugger-agent=transport=dt_socket,embedding=1,server=y,suspend=n,address=127.0.0.1:56656
Begin MonoManager ReloadAssembly
Registering precompiled unity dll's ...
Register platform support module: C:/Program Files/Unity/Hub/Editor/2020.3.4f1/Editor/Data/PlaybackEngines/WindowsStandaloneSupport/UnityEditor.WindowsStandalone.Extensions.dll
Registered in 0.006472 seconds.
Native extension for WindowsStandalone target not found
Refreshing native plugins compatible for Editor in 79.27 ms, found 0 plugins.
Preloading 0 native plugins for Editor in 0.00 ms.
Mono: successfully reloaded assembly
- Completed reload, in  3.729 seconds
Platform modules already initialized, skipping
Registering precompiled user dll's ...
Registered in 0.001620 seconds.
Begin MonoManager ReloadAssembly
Native extension for WindowsStandalone target not found
Refreshing native plugins compatible for Editor in 0.62 ms, found 0 plugins.
Preloading 0 native plugins for Editor in 0.00 ms.
Mono: successfully reloaded assembly
- Completed reload, in 10.656 seconds
Platform modules already initialized, skipping
========================================================================
Worker process is ready to serve import requests
Launched and connected shader compiler UnityShaderCompiler.exe after 0.17 seconds
Refreshing native plugins compatible for Editor in 0.58 ms, found 0 plugins.
Preloading 0 native plugins for Editor in 0.00 ms.
Unloading 1125 Unused Serialized files (Serialized files now loaded: 0)
System memory in use before: 57.8 MB.
System memory in use after: 57.8 MB.

Unloading 9 unused Assets to reduce memory usage. Loaded Objects now: 1569.
Total: 4.924578 ms (FindLiveObjects: 0.529467 ms CreateObjectMapping: 0.080178 ms MarkObjects: 4.132578 ms  DeleteObjects: 0.172578 ms)

========================================================================
Received Import Request.
  path: Assets/a.unity
  artifactKey: Guid(049d478a06da2f749b0adfb669c7c991) Importer(815301076,1909f56bfc062723c751e8b465ee728b)
Start importing Assets/a.unity using Guid(049d478a06da2f749b0adfb669c7c991) Importer(815301076,1909f56bfc062723c751e8b465ee728b)  -> (artifact id: '5836507f165a446246b5cd9e6cc8bd22') in 6.439546 seconds
  Import took 6.455330 seconds .

========================================================================
Received Prepare
Registering precompiled user dll's ...
Registered in 0.002546 seconds.
Begin MonoManager ReloadAssembly
Native extension for WindowsStandalone target not found
Refreshing native plugins compatible for Editor in 4.57 ms, found 0 plugins.
Preloading 0 native plugins for Editor in 0.00 ms.
Mono: successfully reloaded assembly
- Completed reload, in  6.366 seconds
Platform modules already initialized, skipping
Refreshing native plugins compatible for Editor in 48.13 ms, found 0 plugins.
Preloading 0 native plugins for Editor in 0.00 ms.
Unloading 1118 Unused Serialized files (Serialized files now loaded: 0)
System memory in use before: 57.5 MB.
System memory in use after: 57.6 MB.

Unloading 4 unused Assets to reduce memory usage. Loaded Objects now: 1572.
Total: 342.319555 ms (FindLiveObjects: 9.639423 ms CreateObjectMapping: 0.255689 ms MarkObjects: 330.815509 ms  DeleteObjects: 1.592800 ms)

========================================================================
Received Prepare
Registering precompiled user dll's ...
Registered in 0.003206 seconds.
Begin MonoManager ReloadAssembly
Native extension for WindowsStandalone target not found
Refreshing native plugins compatible for Editor in 0.75 ms, found 0 plugins.
Preloading 0 native plugins for Editor in 0.00 ms.
Mono: successfully reloaded assembly
- Completed reload, in  9.685 seconds
Platform modules already initialized, skipping
Refreshing native plugins compatible for Editor in 1.02 ms, found 0 plugins.
Preloading 0 native plugins for Editor in 0.00 ms.
Unloading 1118 Unused Serialized files (Serialized files now loaded: 0)
System memory in use before: 57.5 MB.
System memory in use after: 57.6 MB.

Unloading 4 unused Assets to reduce memory usage. Loaded Objects now: 1575.
Total: 16.859335 ms (FindLiveObjects: 0.738222 ms CreateObjectMapping: 0.197022 ms MarkObjects: 13.856580 ms  DeleteObjects: 2.052845 ms)

========================================================================
Received Import Request.
  Time since last request: 4930.368622 seconds.
  path: Assets/MandelBrot.mat
  artifactKey: Guid(248f2ebcd0bef4343a30194a8e1ca443) Importer(815301076,1909f56bfc062723c751e8b465ee728b)
Start importing Assets/MandelBrot.mat using Guid(248f2ebcd0bef4343a30194a8e1ca443) Importer(815301076,1909f56bfc062723c751e8b465ee728b)  -> (artifact id: 'cdbf3abc1f736006a9226345e6484b33') in 13.791842 seconds
  Import took 13.816536 seconds .

========================================================================
Received Import Request.
  Time since last request: 120.654121 seconds.
  path: Assets/a.unity
  artifactKey: Guid(049d478a06da2f749b0adfb669c7c991) Importer(815301076,1909f56bfc062723c751e8b465ee728b)
Start importing Assets/a.unity using Guid(049d478a06da2f749b0adfb669c7c991) Importer(815301076,1909f56bfc062723c751e8b465ee728b)  -> (artifact id: '9f177c3ac40646458955a90f174a9851') in 3.348465 seconds
  Import took 3.367572 seconds .

========================================================================
Received Prepare
Refreshing native plugins compatible for Editor in 53.68 ms, found 0 plugins.
Preloading 0 native plugins for Editor in 0.00 ms.
Unloading 2 Unused Serialized files (Serialized files now loaded: 0)
System memory in use before: 38.5 MB.
System memory in use after: 38.7 MB.

Unloading 2 unused Assets to reduce memory usage. Loaded Objects now: 1615.
Total: 40.686805 ms (FindLiveObjects: 0.504045 ms CreateObjectMapping: 0.114889 ms MarkObjects: 39.902627 ms  DeleteObjects: 0.154978 ms)

========================================================================
Received Prepare
Refreshing native plugins compatible for Editor in 39.74 ms, found 0 plugins.
Preloading 0 native plugins for Editor in 0.00 ms.
Unloading 2 Unused Serialized files (Serialized files now loaded: 0)
System memory in use before: 38.5 MB.
System memory in use after: 38.6 MB.

Unloading 2 unused Assets to reduce memory usage. Loaded Objects now: 1615.
Total: 53.329473 ms (FindLiveObjects: 1.474489 ms CreateObjectMapping: 0.120756 ms MarkObjects: 51.666762 ms  DeleteObjects: 0.057689 ms)

========================================================================
Received Prepare
Refreshing native plugins compatible for Editor in 3.63 ms, found 0 plugins.
Preloading 0 native plugins for Editor in 0.00 ms.
Unloading 2 Unused Serialized files (Serialized files now loaded: 0)
System memory in use before: 38.5 MB.
System memory in use after: 38.6 MB.

Unloading 2 unused Assets to reduce memory usage. Loaded Objects now: 1615.
Total: 6.921201 ms (FindLiveObjects: 0.587645 ms CreateObjectMapping: 0.113911 ms MarkObjects: 6.157067 ms  DeleteObjects: 0.052800 ms)

========================================================================
Received Import Request.
  Time since last request: 3911.811667 seconds.
  path: Assets/descargar.jpg
  artifactKey: Guid(cc5d640f5801fe44aba932853040d36a) Importer(815301076,1909f56bfc062723c751e8b465ee728b)
Start importing Assets/descargar.jpg using Guid(cc5d640f5801fe44aba932853040d36a) Importer(815301076,1909f56bfc062723c751e8b465ee728b)  -> (artifact id: '210aa8eb70b04b96d8c40acf7018aa10') in 35.652917 seconds
  Import took 35.684499 seconds .

========================================================================
Received Import Request.
  Time since last request: 0.016386 seconds.
  path: Assets/descargar.jpg
  artifactKey: Guid(cc5d640f5801fe44aba932853040d36a) Importer(815301076,1909f56bfc062723c751e8b465ee728b)
Start importing Assets/descargar.jpg using Guid(cc5d640f5801fe44aba932853040d36a) Importer(815301076,1909f56bfc062723c751e8b465ee728b)  -> (artifact id: '210aa8eb70b04b96d8c40acf7018aa10') in 13.095447 seconds
  Import took 13.118646 seconds .

