Using pre-set license
Built from '2020.3/staging' branch; Version is '2020.3.4f1 (0abb6314276a) revision 703331'; Using compiler version '192528614'; Build Type 'Release'
OS: 'Windows 10 Pro; OS build 19042.1083; Version 2009; 64bit' Language: 'es' Physical Memory: 3558 MB
BatchMode: 1, IsHumanControllingUs: 0, StartBugReporterOnCrash: 0, Is64bit: 1, IsPro: 0

 COMMAND LINE ARGUMENTS:
C:\Program Files\Unity\Hub\Editor\2020.3.4f1\Editor\Unity.exe
-adb2
-batchMode
-noUpm
-name
AssetImportWorker45
-projectPath
E:/1. Quinto semestre universidad/1X5B Graficacion/Parcial 1/Fractal-Mandelbrot-main
-logFile
Logs/AssetImportWorker45.log
-srvPort
55165
Successfully changed project path to: E:/1. Quinto semestre universidad/1X5B Graficacion/Parcial 1/Fractal-Mandelbrot-main
E:/1. Quinto semestre universidad/1X5B Graficacion/Parcial 1/Fractal-Mandelbrot-main
Using Asset Import Pipeline V2.
Refreshing native plugins compatible for Editor in 91.96 ms, found 0 plugins.
Preloading 0 native plugins for Editor in 0.00 ms.
Initialize engine version: 2020.3.4f1 (0abb6314276a)
[Subsystems] Discovering subsystems at path C:/Program Files/Unity/Hub/Editor/2020.3.4f1/Editor/Data/Resources/UnitySubsystems
[Subsystems] Discovering subsystems at path E:/1. Quinto semestre universidad/1X5B Graficacion/Parcial 1/Fractal-Mandelbrot-main/Assets
GfxDevice: creating device client; threaded=0
Direct3D:
    Version:  Direct3D 11.0 [level 11.0]
    Renderer: AMD Radeon HD 6620G (ID=0x9641)
    Vendor:   
    VRAM:     499 MB
    Driver:   15.201.1151.0
Initialize mono
Mono path[0] = 'C:/Program Files/Unity/Hub/Editor/2020.3.4f1/Editor/Data/Managed'
Mono path[1] = 'C:/Program Files/Unity/Hub/Editor/2020.3.4f1/Editor/Data/MonoBleedingEdge/lib/mono/unityjit'
Mono config path = 'C:/Program Files/Unity/Hub/Editor/2020.3.4f1/Editor/Data/MonoBleedingEdge/etc'
Using monoOptions --debugger-agent=transport=dt_socket,embedding=1,server=y,suspend=n,address=127.0.0.1:56132
Begin MonoManager ReloadAssembly
Registering precompiled unity dll's ...
Register platform support module: C:/Program Files/Unity/Hub/Editor/2020.3.4f1/Editor/Data/PlaybackEngines/WindowsStandaloneSupport/UnityEditor.WindowsStandalone.Extensions.dll
Registered in 0.006431 seconds.
Native extension for WindowsStandalone target not found
Refreshing native plugins compatible for Editor in 79.88 ms, found 0 plugins.
Preloading 0 native plugins for Editor in 0.00 ms.
Mono: successfully reloaded assembly
- Completed reload, in  3.843 seconds
Platform modules already initialized, skipping
Registering precompiled user dll's ...
Registered in 0.001572 seconds.
